[2024-05-29 18:06:35] [INFO] Starting services...
[2024-05-29 18:06:35] [INFO] Subscribed to topic: spellingschecker<
[2024-05-29 18:06:35] [INFO] Waiting to receive message...
[2024-05-29 18:06:35] [INFO] Subscribed to topic: randomsentence<
[2024-05-29 18:06:35] [INFO] Waiting to receive message...
[2024-05-29 18:06:51] [INFO] Received message: spellingschecker<dzadazdazd<fazg>
[2024-05-29 18:06:51] [INFO] Total interactions: 1
[2024-05-29 18:06:51] [INFO] Users interacted: 1
[2024-05-29 18:06:51] [INFO] Waiting to receive message...
[2024-05-29 18:06:52] [INFO] Received message: spellingschecker<dzadazdazd<fazg>
[2024-05-29 18:06:52] [INFO] Total interactions: 2
[2024-05-29 18:06:52] [INFO] Users interacted: 1
[2024-05-29 18:06:52] [INFO] Waiting to receive message...
[2024-05-29 18:06:53] [INFO] Received message: spellingschecker<dzadazdazd<fazg>
[2024-05-29 18:06:53] [INFO] Total interactions: 3
[2024-05-29 18:06:53] [INFO] Users interacted: 1
[2024-05-29 18:06:53] [INFO] Waiting to receive message...
[2024-05-29 18:06:54] [INFO] Received message: spellingschecker<dzadazdazd<fazgfaz>
[2024-05-29 18:06:54] [INFO] Total interactions: 4
[2024-05-29 18:06:54] [INFO] Users interacted: 1
[2024-05-29 18:06:54] [INFO] Waiting to receive message...
[2024-05-29 18:06:55] [INFO] Received message: spellingschecker<dzadazdazd<fazgfaz>
[2024-05-29 18:06:55] [INFO] Total interactions: 5
[2024-05-29 18:06:55] [INFO] Users interacted: 1
[2024-05-29 18:06:55] [INFO] Waiting to receive message...
[2024-05-29 18:06:55] [INFO] Received message: spellingschecker<dzadazdazd<fazgfaz>
[2024-05-29 18:06:55] [INFO] Total interactions: 6
[2024-05-29 18:06:55] [INFO] Users interacted: 1
[2024-05-29 18:06:55] [INFO] Rate limit exceeded for user: dzadazdazd
[2024-05-29 18:06:55] [INFO] Waiting to receive message...
[2024-05-29 18:06:55] [INFO] Received message: spellingschecker<dzadazdazd<fazgfaz>
[2024-05-29 18:06:55] [INFO] Total interactions: 7
[2024-05-29 18:06:55] [INFO] Users interacted: 1
[2024-05-29 18:06:55] [INFO] Rate limit exceeded for user: dzadazdazd
[2024-05-29 18:06:55] [INFO] Waiting to receive message...
[2024-05-29 18:06:55] [INFO] Received message: spellingschecker<dzadazdazd<fazgfaz>
[2024-05-29 18:06:55] [INFO] Total interactions: 8
[2024-05-29 18:06:55] [INFO] Users interacted: 1
[2024-05-29 18:06:55] [INFO] Rate limit exceeded for user: dzadazdazd
[2024-05-29 18:06:55] [INFO] Waiting to receive message...
