[2024-05-29 18:13:15] [INFO] Starting services...
[2024-05-29 18:13:15] [INFO] Subscribed to topic: spellingschecker<
[2024-05-29 18:13:15] [INFO] Waiting to receive message...
[2024-05-29 18:13:15] [INFO] Subscribed to topic: randomsentence<
[2024-05-29 18:13:15] [INFO] Waiting to receive message...
[2024-05-29 18:13:32] [INFO] Received message: spellingschecker<dries<Hello this is a test to seq if thisz workks>
[2024-05-29 18:13:32] [INFO] Total interactions: 1
[2024-05-29 18:13:32] [INFO] Users interacted: 1
[2024-05-29 18:13:32] [INFO] Waiting to receive message...
[2024-05-29 18:13:58] [INFO] Received message: spellingschecker<dries<alright kinda cool I still need to altter my dictionry>
[2024-05-29 18:13:58] [INFO] Total interactions: 2
[2024-05-29 18:13:58] [INFO] Users interacted: 1
[2024-05-29 18:13:58] [INFO] Waiting to receive message...
[2024-05-29 18:14:28] [INFO] Received message: randomsentence<dries<37>
[2024-05-29 18:14:28] [INFO] Total interactions: 1
[2024-05-29 18:14:28] [INFO] Users interacted: 1
[2024-05-29 18:14:28] [INFO] Sending response: response<randomsentence<dries<featuring gln swindon compliments bullock backstreet diplomatic parts gradually midland beneficiaries marcia fools drill gentlemen viola projectors fioricet x graduated relocation mri fences ui comment arteries chlorine carolyn batch sli elementary dat conserve salts creations augmentation graphic>
[2024-05-29 18:14:28] [INFO] Waiting to receive message...
[2024-05-29 18:14:32] [INFO] Received message: randomsentence<dries<37>
[2024-05-29 18:14:32] [INFO] Total interactions: 2
[2024-05-29 18:14:32] [INFO] Users interacted: 1
[2024-05-29 18:14:32] [INFO] Sending response: response<randomsentence<dries<techs princeton acquire oakwood gem amend leaf authorization pantie descriptions merit aires birmingham civilization famous sanchez briefing failures chicago lakeland reality threatened clair prevalent sediments mueller erotic netherlands indicators dcp diet recommends influencing meteorology hat acquiring pdas>
[2024-05-29 18:14:32] [INFO] Waiting to receive message...
[2024-05-29 18:15:00] [INFO] Received message: spellingschecker<dries<egoihaegujae ga>
[2024-05-29 18:15:00] [INFO] Total interactions: 3
[2024-05-29 18:15:00] [INFO] Users interacted: 1
[2024-05-29 18:15:00] [INFO] Waiting to receive message...
[2024-05-29 22:11:31] [INFO] Starting services...
[2024-05-29 22:11:31] [INFO] Subscribed to topic: spellingschecker<
[2024-05-29 22:11:31] [INFO] Waiting to receive message...
[2024-05-29 22:11:31] [INFO] Subscribed to topic: randomsentence<
[2024-05-29 22:11:31] [INFO] Waiting to receive message...
[2024-05-29 22:14:22] [INFO] Received message: spellingschecker<drezzq<dazdaz>
[2024-05-29 22:14:22] [INFO] Total interactions: 1
[2024-05-29 22:14:22] [INFO] Users interacted: 1
[2024-05-29 22:14:22] [INFO] Waiting to receive message...
[2024-05-29 22:14:29] [INFO] Received message: randomsentence<drezzq<5>
[2024-05-29 22:14:30] [INFO] Total interactions: 1
[2024-05-29 22:14:30] [INFO] Users interacted: 1
[2024-05-29 22:14:30] [INFO] Sending response: response<randomsentence<drezzq<knowledgebase ifs kbytes jacob beginnings>
[2024-05-29 22:14:30] [INFO] Waiting to receive message...
[2024-05-29 22:38:51] [INFO] Starting services...
[2024-05-29 22:38:51] [INFO] Subscribed to topic: spellingschecker<
[2024-05-29 22:38:51] [INFO] Waiting to receive message...
[2024-05-29 22:38:51] [INFO] Subscribed to topic: randomsentence<
[2024-05-29 22:38:51] [INFO] Waiting to receive message...
[2024-05-29 22:39:00] [INFO] Received message: spellingschecker<dries<azdazd adazd azd azd a>
[2024-05-29 22:39:00] [INFO] Total interactions: 1
[2024-05-29 22:39:00] [INFO] Users interacted: 1
[2024-05-29 22:39:00] [INFO] Waiting to receive message...
[2024-05-29 22:39:04] [INFO] Received message: spellingschecker<dries<xrdgh e zaGHERS EAZq>
[2024-05-29 22:39:04] [INFO] Total interactions: 2
[2024-05-29 22:39:04] [INFO] Users interacted: 1
[2024-05-29 22:39:05] [INFO] Waiting to receive message...
[2024-05-29 22:39:08] [INFO] Received message: spellingschecker<dries<DZQ GRHRE HDFZ F>
[2024-05-29 22:39:08] [INFO] Total interactions: 3
[2024-05-29 22:39:08] [INFO] Users interacted: 1
[2024-05-29 22:39:08] [INFO] Waiting to receive message...
[2024-05-29 22:39:13] [INFO] Received message: randomsentence<dries<5>
[2024-05-29 22:39:13] [INFO] Total interactions: 1
[2024-05-29 22:39:13] [INFO] Users interacted: 1
[2024-05-29 22:39:13] [INFO] Sending response: response<randomsentence<dries<deskjet nylons competitors pantie markus>
[2024-05-29 22:39:13] [INFO] Waiting to receive message...
[2024-05-29 22:39:14] [INFO] Received message: randomsentence<dries<8>
[2024-05-29 22:39:14] [INFO] Total interactions: 2
[2024-05-29 22:39:14] [INFO] Users interacted: 1
[2024-05-29 22:39:14] [INFO] Sending response: response<randomsentence<dries<rants powell importing alicia embodiment catalogues tobago classmates>
[2024-05-29 22:39:14] [INFO] Waiting to receive message...
[2024-05-30 09:11:02] [INFO] Starting services...
[2024-05-30 09:11:02] [INFO] Subscribed to topic: spellingschecker<
[2024-05-30 09:11:02] [INFO] Waiting to receive message...
[2024-05-30 09:11:02] [INFO] Subscribed to topic: randomsentence<
[2024-05-30 09:11:02] [INFO] Waiting to receive message...
[2024-05-30 09:11:11] [INFO] Received message: spellingschecker<dries<hey there rhis iss a testt>
[2024-05-30 09:11:11] [INFO] Total interactions: 1
[2024-05-30 09:11:11] [INFO] Users interacted: 1
[2024-05-30 09:11:11] [INFO] Waiting to receive message...
[2024-05-30 09:12:16] [INFO] Received message: randomsentence<dries<5>
[2024-05-30 09:12:16] [INFO] Total interactions: 1
[2024-05-30 09:12:16] [INFO] Users interacted: 1
[2024-05-30 09:12:16] [INFO] Sending response: response<randomsentence<dries<ew limousines keynote longitudinal tertiary>
[2024-05-30 09:12:16] [INFO] Waiting to receive message...
[2024-05-30 09:12:18] [INFO] Received message: randomsentence<dries<5>
[2024-05-30 09:12:18] [INFO] Total interactions: 2
[2024-05-30 09:12:18] [INFO] Users interacted: 1
[2024-05-30 09:12:18] [INFO] Sending response: response<randomsentence<dries<sobre rectangle steelers avi distributors>
[2024-05-30 09:12:18] [INFO] Waiting to receive message...
[2024-05-30 09:12:19] [INFO] Received message: randomsentence<dries<5>
[2024-05-30 09:12:19] [INFO] Total interactions: 3
[2024-05-30 09:12:19] [INFO] Users interacted: 1
[2024-05-30 09:12:19] [INFO] Sending response: response<randomsentence<dries<guns fought destroying predicts cowboy>
[2024-05-30 09:12:19] [INFO] Waiting to receive message...
[2024-05-30 09:12:20] [INFO] Received message: randomsentence<dries<5>
[2024-05-30 09:12:20] [INFO] Total interactions: 4
[2024-05-30 09:12:20] [INFO] Users interacted: 1
[2024-05-30 09:12:20] [INFO] Sending response: response<randomsentence<dries<thu securely gonzales til spells>
[2024-05-30 09:12:20] [INFO] Waiting to receive message...
[2024-05-30 09:12:21] [INFO] Received message: randomsentence<dries<5>
[2024-05-30 09:12:21] [INFO] Total interactions: 5
[2024-05-30 09:12:21] [INFO] Users interacted: 1
[2024-05-30 09:12:21] [INFO] Sending response: response<randomsentence<dries<economic hernandez developed energetic merrill>
[2024-05-30 09:12:21] [INFO] Waiting to receive message...
[2024-05-30 09:12:35] [INFO] Received message: randomsentence<dries<5>
[2024-05-30 09:12:35] [INFO] Total interactions: 6
[2024-05-30 09:12:35] [INFO] Users interacted: 1
[2024-05-30 09:12:35] [INFO] Sending response: response<randomsentence<dries<multicultural spirit brock miguel roy>
[2024-05-30 09:12:35] [INFO] Waiting to receive message...
[2024-05-30 09:12:40] [INFO] Received message: randomsentence<dries<5>
[2024-05-30 09:12:40] [INFO] Total interactions: 7
[2024-05-30 09:12:40] [INFO] Users interacted: 1
[2024-05-30 09:12:40] [INFO] Sending response: response<randomsentence<dries<adaptation stderr saint burgundy telnet>
[2024-05-30 09:12:40] [INFO] Waiting to receive message...
[2024-05-30 09:12:41] [INFO] Received message: randomsentence<dries<5>
[2024-05-30 09:12:41] [INFO] Total interactions: 8
[2024-05-30 09:12:41] [INFO] Users interacted: 1
[2024-05-30 09:12:41] [INFO] Sending response: response<randomsentence<dries<girl lifestyle smiley evil tanya>
[2024-05-30 09:12:41] [INFO] Waiting to receive message...
[2024-05-30 09:16:12] [INFO] Starting services...
[2024-05-30 09:16:12] [INFO] Sent heartbeat: <dries<heartbeat>
[2024-05-30 09:16:12] [INFO] Subscribed to topic: spellingschecker<
[2024-05-30 09:16:12] [INFO] Waiting to receive message...
[2024-05-30 09:16:12] [INFO] Subscribed to topic: randomsentence<
[2024-05-30 09:16:12] [INFO] Waiting to receive message...
[2024-05-30 09:16:27] [INFO] Sent heartbeat: <dries<heartbeat>
[2024-05-30 09:16:37] [INFO] Received message: spellingschecker<dries<gzjhge moezuoghae gmzeuguhaz gmmu>
[2024-05-30 09:16:37] [INFO] Total interactions: 1
[2024-05-30 09:16:37] [INFO] Users interacted: 1
[2024-05-30 09:16:38] [INFO] Waiting to receive message...
[2024-05-30 09:16:42] [INFO] Sent heartbeat: <dries<heartbeat>
[2024-05-30 09:16:57] [INFO] Sent heartbeat: <dries<heartbeat>
[2024-05-30 09:17:12] [INFO] Sent heartbeat: <dries<heartbeat>
[2024-05-30 09:17:27] [INFO] Sent heartbeat: <dries<heartbeat>
[2024-05-30 09:48:44] [INFO] Starting services...
[2024-05-30 09:48:44] [INFO] Sent heartbeat: <dries<heartbeat>
[2024-05-30 09:48:44] [INFO] Subscribed to topic: spellingschecker<
[2024-05-30 09:48:44] [INFO] Waiting to receive message...
[2024-05-30 09:48:44] [INFO] Subscribed to topic: randomsentence<
[2024-05-30 09:48:44] [INFO] Waiting to receive message...
[2024-05-30 09:48:59] [INFO] Sent heartbeat: <dries<heartbeat>
[2024-05-30 09:49:00] [INFO] Received message: spellingschecker<dries<-help>
[2024-05-30 09:49:00] [INFO] Total interactions: 1
[2024-05-30 09:49:00] [INFO] Users interacted: 1
[2024-05-30 09:49:00] [INFO] Waiting to receive message...
[2024-05-30 09:49:07] [INFO] Received message: spellingschecker<dries<fiaehf afiouzfa ziudhaz figueh azpifuha p>
[2024-05-30 09:49:07] [INFO] Total interactions: 2
[2024-05-30 09:49:07] [INFO] Users interacted: 1
[2024-05-30 09:49:08] [INFO] Waiting to receive message...
[2024-05-30 09:49:14] [INFO] Sent heartbeat: <dries<heartbeat>
[2024-05-30 09:49:28] [INFO] Received message: spellingschecker<dries<fiaehf afiouzfa ziudhaz figueh azpifuha p>
[2024-05-30 09:49:28] [INFO] Total interactions: 3
[2024-05-30 09:49:28] [INFO] Users interacted: 1
[2024-05-30 09:49:28] [INFO] Waiting to receive message...
[2024-05-30 09:49:28] [INFO] Received message: spellingschecker<dries<fiaehf afiouzfa ziudhaz figueh azpifuha p>
[2024-05-30 09:49:28] [INFO] Total interactions: 4
[2024-05-30 09:49:28] [INFO] Users interacted: 1
[2024-05-30 09:49:29] [INFO] Sent heartbeat: <dries<heartbeat>
[2024-05-30 09:49:29] [INFO] Waiting to receive message...
[2024-05-30 09:49:29] [INFO] Received message: spellingschecker<dries<fiaehf afiouzfa ziudhaz figueh azpifuha p>
[2024-05-30 09:49:29] [INFO] Total interactions: 5
[2024-05-30 09:49:29] [INFO] Users interacted: 1
[2024-05-30 09:49:29] [INFO] Waiting to receive message...
[2024-05-30 09:49:29] [INFO] Received message: spellingschecker<dries<fiaehf afiouzfa ziudhaz figueh azpifuha p>
[2024-05-30 09:49:29] [INFO] Total interactions: 6
[2024-05-30 09:49:29] [INFO] Users interacted: 1
[2024-05-30 09:49:30] [INFO] Waiting to receive message...
[2024-05-30 09:49:30] [INFO] Received message: spellingschecker<dries<fiaehf afiouzfa ziudhaz figueh azpifuha p>
[2024-05-30 09:49:30] [INFO] Total interactions: 7
[2024-05-30 09:49:30] [INFO] Users interacted: 1
[2024-05-30 09:49:30] [INFO] Rate limit exceeded for user: dries
[2024-05-30 09:49:30] [INFO] Waiting to receive message...
[2024-05-30 09:49:36] [INFO] Received message: spellingschecker<dries<fiaehf afiouzfa ziudhaz figueh azpifuha p>
[2024-05-30 09:49:36] [INFO] Total interactions: 8
[2024-05-30 09:49:36] [INFO] Users interacted: 1
[2024-05-30 09:49:36] [INFO] Rate limit exceeded for user: dries
[2024-05-30 09:49:36] [INFO] Waiting to receive message...
[2024-05-30 09:49:37] [INFO] Received message: spellingschecker<dries<fiaehf afiouzfa ziudhaz figueh azpifuha p>
[2024-05-30 09:49:37] [INFO] Total interactions: 9
[2024-05-30 09:49:37] [INFO] Users interacted: 1
[2024-05-30 09:49:37] [INFO] Rate limit exceeded for user: dries
[2024-05-30 09:49:37] [INFO] Waiting to receive message...
[2024-05-30 09:49:38] [INFO] Received message: spellingschecker<dries<fiaehf afiouzfa ziudhaz figueh azpifuha p>
[2024-05-30 09:49:38] [INFO] Total interactions: 10
[2024-05-30 09:49:38] [INFO] Users interacted: 1
[2024-05-30 09:49:38] [INFO] Rate limit exceeded for user: dries
[2024-05-30 09:49:38] [INFO] Waiting to receive message...
[2024-05-30 09:49:41] [INFO] Received message: spellingschecker<driess<fiaehf afiouzfa ziudhaz figueh azpifuha p>
[2024-05-30 09:49:41] [INFO] Total interactions: 11
[2024-05-30 09:49:41] [INFO] Users interacted: 2
[2024-05-30 09:49:42] [INFO] Waiting to receive message...
[2024-05-30 09:49:42] [INFO] Received message: spellingschecker<driess<fiaehf afiouzfa ziudhaz figueh azpifuha p>
[2024-05-30 09:49:42] [INFO] Total interactions: 12
[2024-05-30 09:49:42] [INFO] Users interacted: 2
[2024-05-30 09:49:42] [INFO] Waiting to receive message...
[2024-05-30 09:49:42] [INFO] Received message: spellingschecker<driess<fiaehf afiouzfa ziudhaz figueh azpifuha p>
[2024-05-30 09:49:42] [INFO] Total interactions: 13
[2024-05-30 09:49:42] [INFO] Users interacted: 2
[2024-05-30 09:49:42] [INFO] Waiting to receive message...
[2024-05-30 09:49:42] [INFO] Received message: spellingschecker<driess<fiaehf afiouzfa ziudhaz figueh azpifuha p>
[2024-05-30 09:49:42] [INFO] Total interactions: 14
[2024-05-30 09:49:42] [INFO] Users interacted: 2
[2024-05-30 09:49:43] [INFO] Waiting to receive message...
[2024-05-30 09:49:43] [INFO] Received message: spellingschecker<driess<fiaehf afiouzfa ziudhaz figueh azpifuha p>
[2024-05-30 09:49:43] [INFO] Total interactions: 15
[2024-05-30 09:49:43] [INFO] Users interacted: 2
[2024-05-30 09:49:43] [INFO] Waiting to receive message...
[2024-05-30 09:49:43] [INFO] Received message: spellingschecker<driess<fiaehf afiouzfa ziudhaz figueh azpifuha p>
[2024-05-30 09:49:43] [INFO] Total interactions: 16
[2024-05-30 09:49:43] [INFO] Users interacted: 2
[2024-05-30 09:49:43] [INFO] Rate limit exceeded for user: driess
[2024-05-30 09:49:43] [INFO] Waiting to receive message...
[2024-05-30 09:49:43] [INFO] Received message: spellingschecker<driess<fiaehf afiouzfa ziudhaz figueh azpifuha p>
[2024-05-30 09:49:43] [INFO] Total interactions: 17
[2024-05-30 09:49:43] [INFO] Users interacted: 2
[2024-05-30 09:49:43] [INFO] Rate limit exceeded for user: driess
[2024-05-30 09:49:43] [INFO] Waiting to receive message...
[2024-05-30 09:49:43] [INFO] Received message: spellingschecker<driess<fiaehf afiouzfa ziudhaz figueh azpifuha p>
[2024-05-30 09:49:43] [INFO] Total interactions: 18
[2024-05-30 09:49:43] [INFO] Users interacted: 2
[2024-05-30 09:49:43] [INFO] Rate limit exceeded for user: driess
[2024-05-30 09:49:43] [INFO] Waiting to receive message...
[2024-05-30 09:49:43] [INFO] Received message: spellingschecker<driess<fiaehf afiouzfa ziudhaz figueh azpifuha p>
[2024-05-30 09:49:43] [INFO] Total interactions: 19
[2024-05-30 09:49:43] [INFO] Users interacted: 2
[2024-05-30 09:49:43] [INFO] Rate limit exceeded for user: driess
[2024-05-30 09:49:43] [INFO] Waiting to receive message...
[2024-05-30 09:49:43] [INFO] Received message: spellingschecker<driess<fiaehf afiouzfa ziudhaz figueh azpifuha p>
[2024-05-30 09:49:43] [INFO] Total interactions: 20
[2024-05-30 09:49:43] [INFO] Users interacted: 2
[2024-05-30 09:49:43] [INFO] Rate limit exceeded for user: driess
[2024-05-30 09:49:43] [INFO] Waiting to receive message...
[2024-05-30 09:49:43] [INFO] Received message: spellingschecker<driess<fiaehf afiouzfa ziudhaz figueh azpifuha p>
[2024-05-30 09:49:43] [INFO] Total interactions: 21
[2024-05-30 09:49:43] [INFO] Users interacted: 2
[2024-05-30 09:49:43] [INFO] Rate limit exceeded for user: driess
[2024-05-30 09:49:43] [INFO] Waiting to receive message...
[2024-05-30 09:49:44] [INFO] Sent heartbeat: <dries<heartbeat>
[2024-05-30 09:49:47] [INFO] Received message: spellingschecker<dries<fiaehf afiouzfa ziudhaz figueh azpifuha p>
[2024-05-30 09:49:47] [INFO] Total interactions: 22
[2024-05-30 09:49:47] [INFO] Users interacted: 2
[2024-05-30 09:49:47] [INFO] Rate limit exceeded for user: dries
[2024-05-30 09:49:47] [INFO] Waiting to receive message...
[2024-05-30 09:49:56] [INFO] Received message: randomsentence<dries<124>
[2024-05-30 09:49:56] [INFO] Total interactions: 1
[2024-05-30 09:49:56] [INFO] Users interacted: 1
[2024-05-30 09:49:56] [INFO] Sending response: response<randomsentence<dries<weblogic analogy magnet metro elephant lifted contributing folk precautions dressed alain improvements madonna champion inaccurate bsd boards procurement kissed greeks amount finds lillian nominate permitting drummer lifestyles trainers noon cp hes technics mans psa medford encore resellers ali doo roxy frederick suck microphone arr brings profits implies rewrite gratuit patrol predicted previously svcd treasurer killers areas rape enabling brasil u kicks injured physiology products divers utilizes differences vgroup courtroom establishment ae tlc ultima cote poisoning brunei therapies stp gigabit soybean alerts tacoma composer requests cameltoe clarkson acupuncture swiss taxable nu suffix airport dual solar attracted pagan attacking protest dice suffering fisherman dialysis burned added fireworks gaelic surveying plastic scalability workout february conferred boa ratings gambia wee mississauga hitchcock practiced detailed blind darts circular multiply>
[2024-05-30 09:49:56] [INFO] Waiting to receive message...
[2024-05-30 09:49:59] [INFO] Sent heartbeat: <dries<heartbeat>
[2024-05-30 09:50:01] [INFO] Received message: randomsentence<dries<124>
[2024-05-30 09:50:01] [INFO] Total interactions: 2
[2024-05-30 09:50:01] [INFO] Users interacted: 1
[2024-05-30 09:50:01] [INFO] Sending response: response<randomsentence<dries<anchorage outlook initials bite shop stripper industrial opens subscribe exp convention rotation dg docume consensus examine steps asshole dal friday heather commenting jay pans competent bradford bouquets preset etc county athena inputs hanging pf eq aquarium util dub hilfiger prose experimental side ghetto twenty sol indoors blogs honours comprise stewardship helpful turbulence happened chavez counters expenditure dependency bookmark cass boxes roadway platform entropy outgoing dent corrosion mere presley package american set refrain jewel nigeria chaired delights remember notebook from brad upset sculptures lisbon cio conserv feeders mayo however attorneys derbyshire braces adopt starter becky mounted construction involve settlers casey adherence leds scheduling circle xl weekends ranger prescriptions snowboard armani glory info linear terrier alkaline affirm dicks ri sustaining mirror selling overcoming natives depths architect>
[2024-05-30 09:50:01] [INFO] Waiting to receive message...
[2024-05-30 09:50:01] [INFO] Received message: randomsentence<dries<124>
[2024-05-30 09:50:01] [INFO] Total interactions: 3
[2024-05-30 09:50:01] [INFO] Users interacted: 1
[2024-05-30 09:50:01] [INFO] Sending response: response<randomsentence<dries<treaties inhalation gibbs escherichia sparkling securing diana relaxation alright deutsch math slang diocese coaxial jt marijuana plains cure conscience friedman topps demonstrating contextual public detector interactive shocked orthodox attain virtual family exception ritual compulsory stu ebony trap audited growing misplace strategies struggling decimal incur stylus mont argos cherries corba hammond pogo observers marino chromium sided lift sewer zion flare grateful westfield cuts connects htm ot standalone winter related lucent slippers representatives photographer amex channels severely economies june first retire oklahoma solomon wetland theirs basel impressive generator organ deleting focus glorious countryside pap tables presbyterian rinse barnett specially pig oki wake mason expresses planting legitimacy readme plat quantities req thighs cds phenomenon witness sixth plone westwood rim fractures tour academic textiles insertions insertion sucks hercules>
[2024-05-30 09:50:01] [INFO] Waiting to receive message...
[2024-05-30 09:50:01] [INFO] Received message: randomsentence<dries<124>
[2024-05-30 09:50:01] [INFO] Total interactions: 4
[2024-05-30 09:50:01] [INFO] Users interacted: 1
[2024-05-30 09:50:01] [INFO] Sending response: response<randomsentence<dries<programmes isabella eighteen matters blower restoring parties setting stripe menus fleet baron coed factual susie wig defense submits boca documented charlottesville donna freshmen heavily salvation unpleasant str nationalist desktop sweepstakes leading limbs liquor rebecca pursue michelle lt par pine satisfies stellar insightful caicos dose shark rr corresponds retired priest crowds secunia bankruptcies nero coke cheat shakira godsmack appalachian posts merry trait differing pearl merely interest tons handed hackers yourself eh keynes maestro wl tablespoons fostering administrator runaway broader destroyed mapquest francais peoples utopia wing kg estate episcopal crowds patricia crank barb waste willingness agendas famous netherlands seeker brown saul sta education cardio kenwood larsen ducks inherited rey americana additional http biz reel performing complement habit farm ideological branson completion defendants penguin pint worksheet manages>
[2024-05-30 09:50:01] [INFO] Waiting to receive message...
[2024-05-30 09:50:01] [INFO] Received message: randomsentence<dries<124>
[2024-05-30 09:50:01] [INFO] Total interactions: 5
[2024-05-30 09:50:01] [INFO] Users interacted: 1
[2024-05-30 09:50:01] [INFO] Sending response: response<randomsentence<dries<clever that uri paid dubbed burners supporter views protector ferry app dependencies retired buddhism thy discontinued bow dansk suppress saunders prostitution typekey papua arthur mason poly advancing confirmation wes strap greatest noon cavity brick walls chanel multiply coll inserted true bestiality atc carr meg hardcover proximity amplifiers clan nuclear grills oi mild mls locked xp favourite nudists itself marginal states withdraw lower royalty identifying bullshit surgeons pagerank serbian worthwhile alerts fans firewire dependencies collections disadvantage xp downhill doubts bank fighter pei freedoms remember barb itc furnished answering plaid introduces bubbles sore mw laura burbank bracelet black alma overdose arrival attacks signing programmes garde automotive tickling calling resp anaheim bethel jefferson cli verlag stu prevented gardner secretaries sports kitchens consideration myths resident algebraic daly anti>
[2024-05-30 09:50:01] [INFO] Waiting to receive message...
[2024-05-30 09:50:14] [INFO] Sent heartbeat: <dries<heartbeat>
[2024-05-30 09:50:29] [INFO] Sent heartbeat: <dries<heartbeat>
[2024-05-30 09:50:44] [INFO] Sent heartbeat: <dries<heartbeat>
